make all --print-data-base --no-builtin-variables --no-builtin-rules --question
# GNU Make 3.81
# Copyright (C) 2006  Free Software Foundation, Inc.
# This is free software; see the source for copying conditions.
# There is NO warranty; not even for MERCHANTABILITY or FITNESS FOR A
# PARTICULAR PURPOSE.

# This program built for i386-apple-darwin11.3.0
 

# Make data base, printed on Mon Jul  4 10:29:21 2022

# Variables

# automatic
<D = $(patsubst %/,%,$(dir $<))
# automatic
?F = $(notdir $?)
# makefile (from `Makefile', line 13)
SRC = main.cpp
# environment
VSCODE_LOG_NATIVE = false
# automatic
?D = $(patsubst %/,%,$(dir $?))
# automatic
@D = $(patsubst %/,%,$(dir $@))
# automatic
@F = $(notdir $@)
# makefile
CURDIR := /Users/hdrabi/Desktop/1337-Cursus/LVL5/ft_containers
# makefile
SHELL = /bin/sh
# environment
VSCODE_NLS_CONFIG = {"locale":"en-us","availableLanguages":{},"_languagePackSupport":true}
# environment
_ = /usr/bin/make
# makefile (from `Makefile', line 1)
MAKEFILE_LIST :=  Makefile
# environment
VSCODE_VERBOSE_LOGGING = true
# environment
VSCODE_IPC_HOOK_EXTHOST = /var/folders/zz/zyxvpxvq6csfxvn_n000cc_r00332p/T/vscode-ipc-6fcbfe7a-c8f0-45b3-bca3-36fa09e91ed1.sock
# environment
VSCODE_CWD = /
# environment
Apple_PubSub_Socket_Render = /private/tmp/com.apple.launchd.GKgZGdIFwN/Render
# environment
PATH = /Users/hdrabi/.brew/bin:/usr/local/bin:/usr/bin:/bin:/usr/sbin:/sbin:/usr/local/munki:/Library/Frameworks/Mono.framework/Versions/Current/Commands
# environment
LSCOLORS = Gxfxcxdxbxegedabagacad
# makefile (from `Makefile', line 17)
V_SRC = vectorTest.cpp
# makefile (from `Makefile', line 37)
SNAME = Stack_exec
# environment
VSCODE_LOG_STACK = false
# environment
ELECTRON_RUN_AS_NODE = 1
# default
.FEATURES := target-specific order-only second-expansion else-if archives jobserver check-symlink
# environment
SSH_AUTH_SOCK = /private/tmp/com.apple.launchd.qYYq74W7BE/Listeners
# automatic
%F = $(notdir $%)
# environment
HOMEBREW_TEMP = /tmp/hdrabi/Homebrew/Temp
# environment
VSCODE_PIPE_LOGGING = true
# environment
PWD = /Users/hdrabi/Desktop/1337-Cursus/LVL5/ft_containers
# environment
ORIGINAL_XDG_CURRENT_DESKTOP = undefined
# makefile (from `Makefile', line 21)
HDR = xtra/enable_if.hpp xtra/is_integral.hpp xtra/equal.hpp xtra/lexicographical_compare.hpp iterators/iterator.hpp iterators/iterator_traits.hpp vector/vector.hpp stack/stack.hpp redBlackTree/RedBlackTree.hpp
# environment
VSCODE_AMD_ENTRYPOINT = vs/workbench/api/node/extensionHostProcess
# environment
HOME = /Users/hdrabi
# default
MAKEFILEPATH := /Applications/Xcode.app/Contents/Developer/Makefiles
# environment
VSCODE_CODE_CACHE_PATH = /Users/hdrabi/Library/Application Support/Code/CachedData/57fd6d0195bb9b9d1b49f6da5db789060795de47
# environment
LOGNAME = hdrabi
# environment
APPLICATION_INSIGHTS_NO_DIAGNOSTIC_CHANNEL = 1
# environment
ZSH = /Users/hdrabi/.oh-my-zsh
# environment
VSCODE_HANDLES_UNCAUGHT_ERRORS = true
# automatic
^D = $(patsubst %/,%,$(dir $^))
# environment
XPC_FLAGS = 0x0
# default
MAKE = $(MAKE_COMMAND)
# default
MAKECMDGOALS := all
# environment
HOMEBREW_CACHE = /tmp/hdrabi/Homebrew/Caches
# environment
SHLVL = 1
# makefile (from `Makefile', line 39)
CC = c++
# default
MAKE_VERSION := 3.81
# environment
USER = hdrabi
# makefile
.DEFAULT_GOAL := all
# makefile (from `Makefile', line 31)
NAME = ft_containers
# environment
LESS = -R
# automatic
%D = $(patsubst %/,%,$(dir $%))
# makefile (from `Makefile', line 35)
VNAME = Vector_exec
# default
MAKE_COMMAND := /Applications/Xcode.app/Contents/Developer/usr/bin/make
# default
.VARIABLES := 
# environment
TMPDIR = /var/folders/zz/zyxvpxvq6csfxvn_n000cc_r00332p/T/
# automatic
*F = $(notdir $*)
# environment
VSCODE_IPC_HOOK = /Users/hdrabi/Library/Application Support/Code/1.67.0-main.sock
# makefile
MAKEFLAGS = Rrqp
# environment
MFLAGS = -Rrqp
# automatic
*D = $(patsubst %/,%,$(dir $*))
# environment
XPC_SERVICE_NAME = com.apple.xpc.launchd.oneshot.0x10000003.Electron
# automatic
+D = $(patsubst %/,%,$(dir $+))
# automatic
+F = $(notdir $+)
# makefile (from `Makefile', line 15)
X_SRC = xtraTest.cpp
# makefile (from `Makefile', line 33)
XNAME = XTRA_exec
# environment
__CF_USER_TEXT_ENCODING = 0x18C56:0x0:0x0
# environment
COMMAND_MODE = unix2003
# default
MAKEFILES := 
# automatic
<F = $(notdir $<)
# environment
PAGER = less
# environment
LC_ALL = C
# environment
SECURITYSESSIONID = 186a7
# automatic
^F = $(notdir $^)
# default
SUFFIXES := 
# makefile (from `Makefile', line 19)
S_SRC = stackTest.cpp
# default
.INCLUDE_DIRS = /usr/local/include
# environment
MAKELEVEL := 0
# environment
LANG = C
# environment
VSCODE_PID = 44174
# variable set hash-table stats:
# Load=79/1024=8%, Rehash=0, Collisions=17/125=14%

# Pattern-specific Variable Values

# No pattern-specific variable values.

# Directories

# . (device 16777227, inode 3114709): 15 files, no impossibilities.

# 15 files, no impossibilities in 1 directories.

# Implicit Rules

# No implicit rules.

# Files

# Not a target:
iterators/iterator_traits.hpp:
#  Implicit rule search has been done.
#  Last modified 2022-06-15 16:56:32
#  File has been updated.
#  Successfully updated.
# variable set hash-table stats:
# Load=0/32=0%, Rehash=0, Collisions=0/0=0%

all: ft_containers
#  Command-line target.
#  Implicit rule search has been done.
#  File does not exist.
#  File has been updated.
#  Needs to be updated (-q is set).
# variable set hash-table stats:
# Load=0/32=0%, Rehash=0, Collisions=0/6=0%

# Not a target:
vectorTest.cpp:
#  Implicit rule search has not been done.
#  Modification time never checked.
#  File has not been updated.

Stack_exec: stackTest.cpp xtra/enable_if.hpp xtra/is_integral.hpp xtra/equal.hpp xtra/lexicographical_compare.hpp iterators/iterator.hpp iterators/iterator_traits.hpp vector/vector.hpp stack/stack.hpp redBlackTree/RedBlackTree.hpp
#  Implicit rule search has not been done.
#  Modification time never checked.
#  File has not been updated.
#  commands to execute (from `Makefile', line 67):
	$(CC) $(CFLAGS) $(S_SRC) -o $(SNAME)
	

# Not a target:
.SUFFIXES:
#  Implicit rule search has not been done.
#  Modification time never checked.
#  File has not been updated.

# Not a target:
Makefile:
#  Implicit rule search has been done.
#  Last modified 2022-07-02 13:50:01
#  File has been updated.
#  Successfully updated.
# variable set hash-table stats:
# Load=0/32=0%, Rehash=0, Collisions=0/0=0%

Vector_exec: vectorTest.cpp xtra/enable_if.hpp xtra/is_integral.hpp xtra/equal.hpp xtra/lexicographical_compare.hpp iterators/iterator.hpp iterators/iterator_traits.hpp vector/vector.hpp stack/stack.hpp redBlackTree/RedBlackTree.hpp
#  Implicit rule search has not been done.
#  Modification time never checked.
#  File has not been updated.
#  commands to execute (from `Makefile', line 64):
	$(CC) $(CFLAGS) $(V_SRC) -o $(VNAME)
	

# Not a target:
stackTest.cpp:
#  Implicit rule search has not been done.
#  Modification time never checked.
#  File has not been updated.

# Not a target:
main.cpp:
#  Implicit rule search has been done.
#  Last modified 2022-07-02 13:51:29
#  File has been updated.
#  Successfully updated.
# variable set hash-table stats:
# Load=0/32=0%, Rehash=0, Collisions=0/0=0%

# Not a target:
xtra/lexicographical_compare.hpp:
#  Implicit rule search has been done.
#  Last modified 2022-06-15 16:56:32
#  File has been updated.
#  Successfully updated.
# variable set hash-table stats:
# Load=0/32=0%, Rehash=0, Collisions=0/0=0%

# Not a target:
redBlackTree/RedBlackTree.hpp:
#  Implicit rule search has been done.
#  Last modified 2022-07-02 14:19:10
#  File has been updated.
#  Successfully updated.
# variable set hash-table stats:
# Load=0/32=0%, Rehash=0, Collisions=0/0=0%

all2: XTRA_exec Vector_exec Stack_exec
#  Implicit rule search has not been done.
#  Modification time never checked.
#  File has not been updated.

fclean: clean
#  Implicit rule search has not been done.
#  Modification time never checked.
#  File has not been updated.

# Not a target:
.DEFAULT:
#  Implicit rule search has not been done.
#  Modification time never checked.
#  File has not been updated.

ft_containers: main.cpp xtra/enable_if.hpp xtra/is_integral.hpp xtra/equal.hpp xtra/lexicographical_compare.hpp iterators/iterator.hpp iterators/iterator_traits.hpp vector/vector.hpp stack/stack.hpp redBlackTree/RedBlackTree.hpp
#  Implicit rule search has not been done.
#  Implicit/static pattern stem: `'
#  Last modified 2022-07-02 13:57:00
#  File has been updated.
 
#  Needs to be updated (-q is set).
# automatic
# @ := ft_containers
# automatic
# % := 
# automatic
# * := 
# automatic
# + := main.cpp xtra/enable_if.hpp xtra/is_integral.hpp xtra/equal.hpp xtra/lexicographical_compare.hpp iterators/iterator.hpp iterators/iterator_traits.hpp vector/vector.hpp stack/stack.hpp redBlackTree/RedBlackTree.hpp
# automatic
# | := 
# automatic
# < := main.cpp
# automatic
# ^ := main.cpp xtra/enable_if.hpp xtra/is_integral.hpp xtra/equal.hpp xtra/lexicographical_compare.hpp iterators/iterator.hpp iterators/iterator_traits.hpp vector/vector.hpp stack/stack.hpp redBlackTree/RedBlackTree.hpp
# automatic
# ? := redBlackTree/RedBlackTree.hpp
# variable set hash-table stats:
# Load=8/32=25%, Rehash=0, Collisions=3/14=21%
#  commands to execute (from `Makefile', line 46):
	$(CC) $(CFLAGS) $(SRC) -o $(NAME)
	

re: fclean all
#  Implicit rule search has not been done.
#  Modification time never checked.
#  File has not been updated.

# Not a target:
vector/vector.hpp:
#  Implicit rule search has been done.
#  Last modified 2022-06-28 12:15:57
#  File has been updated.
#  Successfully updated.
# variable set hash-table stats:
# Load=0/32=0%, Rehash=0, Collisions=0/0=0%

clean:
#  Implicit rule search has not been done.
#  Modification time never checked.
#  File has not been updated.
#  commands to execute (from `Makefile', line 49):
	rm -rf $(NAME)
	rm -rf $(XNAME)
	rm -rf $(VNAME)
	rm -rf $(SNAME)
	

XTRA_exec: xtraTest.cpp xtra/enable_if.hpp xtra/is_integral.hpp xtra/equal.hpp xtra/lexicographical_compare.hpp iterators/iterator.hpp iterators/iterator_traits.hpp vector/vector.hpp stack/stack.hpp redBlackTree/RedBlackTree.hpp
#  Implicit rule search has not been done.
#  Modification time never checked.
#  File has not been updated.
#  commands to execute (from `Makefile', line 61):
	$(CC) $(CFLAGS) $(X_SRC) -o $(XNAME)
	

# Not a target:
stack/stack.hpp:
#  Implicit rule search has been done.
#  Last modified 2022-06-15 16:56:32
#  File has been updated.
#  Successfully updated.
# variable set hash-table stats:
# Load=0/32=0%, Rehash=0, Collisions=0/0=0%

# Not a target:
xtra/is_integral.hpp:
#  Implicit rule search has been done.
#  Last modified 2022-06-15 16:56:32
#  File has been updated.
#  Successfully updated.
# variable set hash-table stats:
# Load=0/32=0%, Rehash=0, Collisions=0/0=0%

# Not a target:
xtra/equal.hpp:
#  Implicit rule search has been done.
#  Last modified 2022-06-15 16:56:32
#  File has been updated.
#  Successfully updated.
# variable set hash-table stats:
# Load=0/32=0%, Rehash=0, Collisions=0/0=0%

# Not a target:
xtra/enable_if.hpp:
#  Implicit rule search has been done.
#  Last modified 2022-06-15 16:56:32
#  File has been updated.
#  Successfully updated.
# variable set hash-table stats:
# Load=0/32=0%, Rehash=0, Collisions=0/0=0%

# Not a target:
iterators/iterator.hpp:
#  Implicit rule search has been done.
#  Last modified 2022-07-02 11:54:47
#  File has been updated.
#  Successfully updated.
# variable set hash-table stats:
# Load=0/32=0%, Rehash=0, Collisions=0/0=0%

# Not a target:
xtraTest.cpp:
#  Implicit rule search has not been done.
#  Modification time never checked.
#  File has not been updated.

# files hash-table stats:
# Load=25/1024=2%, Rehash=0, Collisions=0/86=0%
# VPATH Search Paths

# No `vpath' search paths.

# No general (`VPATH' variable) search path.

# # of strings in strcache: 1
# # of strcache buffers: 1
# strcache size: total = 4096 / max = 4096 / min = 4096 / avg = 4096
# strcache free: total = 4087 / max = 4087 / min = 4087 / avg = 4087

# Finished Make data base on Mon Jul  4 10:29:21 2022

 
